<?xml version="1.0" encoding="UTF-8"?>
<coverage generated="1767004261144" clover="3.2.0">
  <project timestamp="1767004261144" name="All files">
    <metrics statements="37" coveredstatements="25" conditionals="28" coveredconditionals="18" methods="10" coveredmethods="8" elements="75" coveredelements="51" complexity="0" loc="37" ncloc="37" packages="1" files="1" classes="1"/>
    <file name="auth.js" path="/Users/subhadipdas/Desktop/Desktop - SUBHADIP’s MacBook Pro/MANUAL_TEST/login-test-app/auth.js">
      <metrics statements="37" coveredstatements="25" conditionals="28" coveredconditionals="18" methods="10" coveredmethods="8"/>
      <line num="1" count="1" type="stmt"/>
      <line num="2" count="1" type="stmt"/>
      <line num="3" count="1" type="stmt"/>
      <line num="8" count="2" type="cond" truecount="2" falsecount="0"/>
      <line num="13" count="2" type="stmt"/>
      <line num="18" count="3" type="stmt"/>
      <line num="24" count="3" type="cond" truecount="5" falsecount="0"/>
      <line num="25" count="1" type="stmt"/>
      <line num="28" count="2" type="cond" truecount="1" falsecount="1"/>
      <line num="29" count="0" type="stmt"/>
      <line num="32" count="2" type="cond" truecount="1" falsecount="1"/>
      <line num="33" count="0" type="stmt"/>
      <line num="38" count="2" type="stmt"/>
      <line num="45" count="2" type="stmt"/>
      <line num="51" count="3" type="cond" truecount="3" falsecount="1"/>
      <line num="52" count="0" type="stmt"/>
      <line num="55" count="3" type="stmt"/>
      <line num="58" count="4" type="cond" truecount="4" falsecount="0"/>
      <line num="61" count="3" type="stmt"/>
      <line num="62" count="3" type="stmt"/>
      <line num="64" count="3" type="stmt"/>
      <line num="65" count="3" type="stmt"/>
      <line num="72" count="0" type="cond" truecount="0" falsecount="2"/>
      <line num="75" count="0" type="cond" truecount="0" falsecount="2"/>
      <line num="76" count="0" type="stmt"/>
      <line num="79" count="0" type="stmt"/>
      <line num="84" count="2" type="stmt"/>
      <line num="85" count="4" type="stmt"/>
      <line num="88" count="2" type="cond" truecount="1" falsecount="1"/>
      <line num="89" count="2" type="stmt"/>
      <line num="92" count="0" type="stmt"/>
      <line num="98" count="0" type="stmt"/>
      <line num="101" count="0" type="cond" truecount="0" falsecount="2"/>
      <line num="104" count="0" type="stmt"/>
      <line num="105" count="0" type="stmt"/>
      <line num="111" count="1" type="stmt"/>
      <line num="114" count="1" type="stmt"/>
    </file>
  </project>
</coverage>
