{"/Users/subhadipdas/Desktop/Desktop - SUBHADIP’s MacBook Pro/MANUAL_TEST/login-test-app/auth.js": {"path":"/Users/subhadipdas/Desktop/Desktop - SUBHADIP’s MacBook Pro/MANUAL_TEST/login-test-app/auth.js","statementMap":{"0":{"start":{"line":1,"column":12},"end":{"line":1,"column":14}},"1":{"start":{"line":2,"column":15},"end":{"line":2,"column":17}},"2":{"start":{"line":3,"column":21},"end":{"line":3,"column":23}},"3":{"start":{"line":8,"column":4},"end":{"line":8,"column":40}},"4":{"start":{"line":13,"column":4},"end":{"line":13,"column":32}},"5":{"start":{"line":18,"column":4},"end":{"line":18,"column":30}},"6":{"start":{"line":24,"column":4},"end":{"line":26,"column":5}},"7":{"start":{"line":25,"column":8},"end":{"line":25,"column":37}},"8":{"start":{"line":28,"column":4},"end":{"line":30,"column":5}},"9":{"start":{"line":29,"column":8},"end":{"line":29,"column":38}},"10":{"start":{"line":32,"column":4},"end":{"line":34,"column":5}},"11":{"start":{"line":33,"column":8},"end":{"line":33,"column":31}},"12":{"start":{"line":38,"column":4},"end":{"line":43,"column":7}},"13":{"start":{"line":45,"column":4},"end":{"line":45,"column":31}},"14":{"start":{"line":51,"column":4},"end":{"line":53,"column":5}},"15":{"start":{"line":52,"column":8},"end":{"line":52,"column":45}},"16":{"start":{"line":55,"column":4},"end":{"line":70,"column":5}},"17":{"start":{"line":58,"column":8},"end":{"line":69,"column":9}},"18":{"start":{"line":61,"column":28},"end":{"line":61,"column":50}},"19":{"start":{"line":62,"column":12},"end":{"line":62,"column":40}},"20":{"start":{"line":64,"column":12},"end":{"line":64,"column":38}},"21":{"start":{"line":65,"column":12},"end":{"line":68,"column":14}},"22":{"start":{"line":72,"column":4},"end":{"line":72,"column":61}},"23":{"start":{"line":75,"column":4},"end":{"line":77,"column":5}},"24":{"start":{"line":76,"column":8},"end":{"line":76,"column":32}},"25":{"start":{"line":79,"column":4},"end":{"line":79,"column":33}},"26":{"start":{"line":84,"column":16},"end":{"line":84,"column":35}},"27":{"start":{"line":85,"column":15},"end":{"line":85,"column":49}},"28":{"start":{"line":85,"column":31},"end":{"line":85,"column":48}},"29":{"start":{"line":88,"column":4},"end":{"line":90,"column":5}},"30":{"start":{"line":89,"column":8},"end":{"line":89,"column":38}},"31":{"start":{"line":92,"column":4},"end":{"line":92,"column":26}},"32":{"start":{"line":98,"column":15},"end":{"line":98,"column":49}},"33":{"start":{"line":98,"column":31},"end":{"line":98,"column":48}},"34":{"start":{"line":101,"column":4},"end":{"line":101,"column":39}},"35":{"start":{"line":101,"column":15},"end":{"line":101,"column":39}},"36":{"start":{"line":104,"column":4},"end":{"line":104,"column":32}},"37":{"start":{"line":105,"column":4},"end":{"line":105,"column":39}},"38":{"start":{"line":111,"column":4},"end":{"line":111,"column":24}},"39":{"start":{"line":114,"column":0},"end":{"line":120,"column":2}}},"fnMap":{"0":{"name":"isValidEmail","decl":{"start":{"line":6,"column":9},"end":{"line":6,"column":21}},"loc":{"start":{"line":6,"column":29},"end":{"line":9,"column":1}},"line":6},"1":{"name":"isStrongPassword","decl":{"start":{"line":11,"column":9},"end":{"line":11,"column":25}},"loc":{"start":{"line":11,"column":36},"end":{"line":14,"column":1}},"line":11},"2":{"name":"generateSession","decl":{"start":{"line":16,"column":9},"end":{"line":16,"column":24}},"loc":{"start":{"line":16,"column":32},"end":{"line":19,"column":1}},"line":16},"3":{"name":"signup","decl":{"start":{"line":22,"column":9},"end":{"line":22,"column":15}},"loc":{"start":{"line":22,"column":65},"end":{"line":46,"column":1}},"line":22},"4":{"name":"login","decl":{"start":{"line":49,"column":9},"end":{"line":49,"column":14}},"loc":{"start":{"line":49,"column":32},"end":{"line":80,"column":1}},"line":49},"5":{"name":"accessAdmin","decl":{"start":{"line":83,"column":9},"end":{"line":83,"column":20}},"loc":{"start":{"line":83,"column":32},"end":{"line":93,"column":1}},"line":83},"6":{"name":"(anonymous_6)","decl":{"start":{"line":85,"column":26},"end":{"line":85,"column":27}},"loc":{"start":{"line":85,"column":31},"end":{"line":85,"column":48}},"line":85},"7":{"name":"resetPassword","decl":{"start":{"line":96,"column":9},"end":{"line":96,"column":22}},"loc":{"start":{"line":96,"column":43},"end":{"line":106,"column":1}},"line":96},"8":{"name":"(anonymous_8)","decl":{"start":{"line":98,"column":26},"end":{"line":98,"column":27}},"loc":{"start":{"line":98,"column":31},"end":{"line":98,"column":48}},"line":98},"9":{"name":"logout","decl":{"start":{"line":109,"column":9},"end":{"line":109,"column":15}},"loc":{"start":{"line":109,"column":27},"end":{"line":112,"column":1}},"line":109}},"branchMap":{"0":{"loc":{"start":{"line":8,"column":11},"end":{"line":8,"column":39}},"type":"binary-expr","locations":[{"start":{"line":8,"column":11},"end":{"line":8,"column":16}},{"start":{"line":8,"column":20},"end":{"line":8,"column":39}}],"line":8},"1":{"loc":{"start":{"line":22,"column":50},"end":{"line":22,"column":63}},"type":"default-arg","locations":[{"start":{"line":22,"column":57},"end":{"line":22,"column":63}}],"line":22},"2":{"loc":{"start":{"line":24,"column":4},"end":{"line":26,"column":5}},"type":"if","locations":[{"start":{"line":24,"column":4},"end":{"line":26,"column":5}},{"start":{},"end":{}}],"line":24},"3":{"loc":{"start":{"line":24,"column":8},"end":{"line":24,"column":47}},"type":"binary-expr","locations":[{"start":{"line":24,"column":8},"end":{"line":24,"column":14}},{"start":{"line":24,"column":18},"end":{"line":24,"column":27}},{"start":{"line":24,"column":31},"end":{"line":24,"column":47}}],"line":24},"4":{"loc":{"start":{"line":28,"column":4},"end":{"line":30,"column":5}},"type":"if","locations":[{"start":{"line":28,"column":4},"end":{"line":30,"column":5}},{"start":{},"end":{}}],"line":28},"5":{"loc":{"start":{"line":32,"column":4},"end":{"line":34,"column":5}},"type":"if","locations":[{"start":{"line":32,"column":4},"end":{"line":34,"column":5}},{"start":{},"end":{}}],"line":32},"6":{"loc":{"start":{"line":51,"column":4},"end":{"line":53,"column":5}},"type":"if","locations":[{"start":{"line":51,"column":4},"end":{"line":53,"column":5}},{"start":{},"end":{}}],"line":51},"7":{"loc":{"start":{"line":51,"column":8},"end":{"line":51,"column":27}},"type":"binary-expr","locations":[{"start":{"line":51,"column":8},"end":{"line":51,"column":14}},{"start":{"line":51,"column":18},"end":{"line":51,"column":27}}],"line":51},"8":{"loc":{"start":{"line":58,"column":8},"end":{"line":69,"column":9}},"type":"if","locations":[{"start":{"line":58,"column":8},"end":{"line":69,"column":9}},{"start":{},"end":{}}],"line":58},"9":{"loc":{"start":{"line":58,"column":12},"end":{"line":58,"column":56}},"type":"binary-expr","locations":[{"start":{"line":58,"column":12},"end":{"line":58,"column":29}},{"start":{"line":58,"column":33},"end":{"line":58,"column":56}}],"line":58},"10":{"loc":{"start":{"line":72,"column":29},"end":{"line":72,"column":55}},"type":"binary-expr","locations":[{"start":{"line":72,"column":29},"end":{"line":72,"column":50}},{"start":{"line":72,"column":54},"end":{"line":72,"column":55}}],"line":72},"11":{"loc":{"start":{"line":75,"column":4},"end":{"line":77,"column":5}},"type":"if","locations":[{"start":{"line":75,"column":4},"end":{"line":77,"column":5}},{"start":{},"end":{}}],"line":75},"12":{"loc":{"start":{"line":88,"column":4},"end":{"line":90,"column":5}},"type":"if","locations":[{"start":{"line":88,"column":4},"end":{"line":90,"column":5}},{"start":{},"end":{}}],"line":88},"13":{"loc":{"start":{"line":101,"column":4},"end":{"line":101,"column":39}},"type":"if","locations":[{"start":{"line":101,"column":4},"end":{"line":101,"column":39}},{"start":{},"end":{}}],"line":101}},"s":{"0":1,"1":1,"2":1,"3":2,"4":2,"5":3,"6":3,"7":1,"8":2,"9":0,"10":2,"11":0,"12":2,"13":2,"14":3,"15":0,"16":3,"17":4,"18":3,"19":3,"20":3,"21":3,"22":0,"23":0,"24":0,"25":0,"26":2,"27":2,"28":4,"29":2,"30":2,"31":0,"32":0,"33":0,"34":0,"35":0,"36":0,"37":0,"38":1,"39":1},"f":{"0":2,"1":2,"2":3,"3":3,"4":3,"5":2,"6":4,"7":0,"8":0,"9":1},"b":{"0":[2,2],"1":[3],"2":[1,2],"3":[3,3,2],"4":[0,2],"5":[0,2],"6":[0,3],"7":[3,3],"8":[3,1],"9":[4,3],"10":[0,0],"11":[0,0],"12":[2,0],"13":[0,0]},"_coverageSchema":"1a1c01bbd47fc00a2c39e90264f33305004495a9","hash":"15cd5962e4d25c8357e4752f5f95900e42c6517a"}
}
