TN:
SF:auth.js
FN:6,isValidEmail
FN:11,isStrongPassword
FN:16,generateSession
FN:22,signup
FN:49,login
FN:83,accessAdmin
FN:85,(anonymous_6)
FN:96,resetPassword
FN:98,(anonymous_8)
FN:109,logout
FNF:10
FNH:8
FNDA:2,isValidEmail
FNDA:2,isStrongPassword
FNDA:3,generateSession
FNDA:3,signup
FNDA:3,login
FNDA:2,accessAdmin
FNDA:4,(anonymous_6)
FNDA:0,resetPassword
FNDA:0,(anonymous_8)
FNDA:1,logout
DA:1,1
DA:2,1
DA:3,1
DA:8,2
DA:13,2
DA:18,3
DA:24,3
DA:25,1
DA:28,2
DA:29,0
DA:32,2
DA:33,0
DA:38,2
DA:45,2
DA:51,3
DA:52,0
DA:55,3
DA:58,4
DA:61,3
DA:62,3
DA:64,3
DA:65,3
DA:72,0
DA:75,0
DA:76,0
DA:79,0
DA:84,2
DA:85,4
DA:88,2
DA:89,2
DA:92,0
DA:98,0
DA:101,0
DA:104,0
DA:105,0
DA:111,1
DA:114,1
LF:37
LH:25
BRDA:8,0,0,2
BRDA:8,0,1,2
BRDA:22,1,0,3
BRDA:24,2,0,1
BRDA:24,2,1,2
BRDA:24,3,0,3
BRDA:24,3,1,3
BRDA:24,3,2,2
BRDA:28,4,0,0
BRDA:28,4,1,2
BRDA:32,5,0,0
BRDA:32,5,1,2
BRDA:51,6,0,0
BRDA:51,6,1,3
BRDA:51,7,0,3
BRDA:51,7,1,3
BRDA:58,8,0,3
BRDA:58,8,1,1
BRDA:58,9,0,4
BRDA:58,9,1,3
BRDA:72,10,0,0
BRDA:72,10,1,0
BRDA:75,11,0,0
BRDA:75,11,1,0
BRDA:88,12,0,2
BRDA:88,12,1,0
BRDA:101,13,0,0
BRDA:101,13,1,0
BRF:28
BRH:18
end_of_record
